Arguments: 
  /snap/node/7392/bin/node /snap/node/7392/bin/yarn.js install

PATH: 
  /tmp/yarn--1685377784902-0.47887820785973245:/usr/local/share/.config/yarn/global/node_modules/.bin:/usr/local/share/.config/yarn/link/node_modules/.bin:/snap/node/7392/libexec/lib/node_modules/npm/bin/node-gyp-bin:/snap/node/7392/lib/node_modules/npm/bin/node-gyp-bin:/snap/node/7392/bin/node_modules/npm/bin/node-gyp-bin:/usr/local/sbin:/usr/local/bin:/usr/sbin:/usr/bin:/sbin:/bin:/usr/games:/usr/local/games:/snap/bin

Yarn version: 
  1.22.19

Node version: 
  18.16.0

Platform: 
  linux x64

Trace: 
  Error: ../../../package.json: EACCES: permission denied, write
      at writeSync (node:fs:934:3)
      at SyncWriteStream._write (node:internal/fs/sync_write_stream:26:3)
      at writeOrBuffer (node:internal/streams/writable:392:12)
      at _write (node:internal/streams/writable:333:10)
      at Writable.write (node:internal/streams/writable:337:10)
      at Object.clearLine (node:internal/readline/callbacks:107:17)
      at clearLine (/snap/node/7392/lib/cli.js:49463:12)
      at ConsoleReporter.warn (/snap/node/7392/lib/cli.js:92854:43)
      at warn (/snap/node/7392/lib/cli.js:51326:23)
      at module.exports.exports.default (/snap/node/7392/lib/cli.js:37409:7)

npm manifest: 
  {
    "name": "caronai",
    "version": "1.0.0",
    "main": "node_modules/expo/AppEntry.js",
    "scripts": {
      "start": "expo start",
      "android": "expo start --android",
      "ios": "expo start --ios",
      "web": "expo start --web"
    },
    "dependencies": {
      "expo": "~48.0.15",
      "expo-status-bar": "~1.4.4",
      "react": "18.2.0",
      "react-native": "0.71.8"
    },
    "devDependencies": {
      "@babel/core": "^7.20.0"
    },
    "private": true
  }

yarn manifest: 
  No manifest

Lockfile: 
  No lockfile
